<?xml version="1.0" encoding="UTF-8"?>
<!-- Generated by org.testng.reporters.JUnitXMLReporter -->
<testsuite hostname="dell-PC" name="joinus" tests="1" failures="0" timestamp="7 May 2017 10:07:56 GMT" time="0.09" errors="0">
  <testcase name="@BeforeTest checkTestSkip" time="0.0" classname="com.olx.JoinUs.TestCase_ForEngineer">
    <skipped/>
  </testcase> <!-- @BeforeTest checkTestSkip -->
  <testcase name="@AfterMethod reportDataSetResult" time="0.0" classname="com.olx.JoinUs.TestCase_ForEngineer">
    <skipped/>
  </testcase> <!-- @AfterMethod reportDataSetResult -->
  <testcase name="@AfterTest reportTestResult" time="0.0" classname="com.olx.JoinUs.TestCase_ForEngineer">
    <skipped/>
  </testcase> <!-- @AfterTest reportTestResult -->
  <testcase name="nonAutomatedBuyFlow (Firefox)" time="0.002" classname="com.olx.JoinUs.TestCase_ForEngineer">
    <skipped/>
  </testcase> <!-- nonAutomatedBuyFlow (Firefox) -->
</testsuite> <!-- joinus -->
